Sep-02 14:54:11.158 [main] DEBUG nextflow.cli.Launcher - $> nextflow run main_AMR++.nf -profile local
Sep-02 14:54:11.265 [main] INFO  nextflow.cli.CmdRun - N E X T F L O W  ~  version 22.04.5
Sep-02 14:54:11.311 [main] DEBUG nextflow.config.ConfigBuilder - Found config local: /home/enrique/Dropbox/Projects/AMR++_v3_update/AMRplusplus/nextflow.config
Sep-02 14:54:11.312 [main] DEBUG nextflow.config.ConfigBuilder - Parsing config file: /home/enrique/Dropbox/Projects/AMR++_v3_update/AMRplusplus/nextflow.config
Sep-02 14:54:11.371 [main] DEBUG nextflow.config.ConfigBuilder - Applying config profile: `local`
Sep-02 14:54:12.851 [main] DEBUG nextflow.config.ConfigBuilder - Available config profiles: [slurm, gcp, batch, local]
Sep-02 14:54:12.879 [main] DEBUG nextflow.cli.CmdRun - Applied DSL=2 from script declararion
Sep-02 14:54:12.927 [main] INFO  nextflow.cli.CmdRun - Launching `main_AMR++.nf` [modest_cajal] DSL2 - revision: ebe09f4777
Sep-02 14:54:12.943 [main] DEBUG nextflow.plugin.PluginsFacade - Setting up plugin manager > mode=prod; plugins-dir=/home/enrique/.nextflow/plugins; core-plugins: nf-amazon@1.7.2,nf-azure@0.13.2,nf-console@1.0.3,nf-ga4gh@1.0.3,nf-google@1.1.4,nf-sqldb@0.4.0,nf-tower@1.4.0
Sep-02 14:54:12.947 [main] DEBUG nextflow.plugin.PluginsFacade - Plugins default=[]
Sep-02 14:54:12.973 [main] INFO  org.pf4j.DefaultPluginStatusProvider - Enabled plugins: []
Sep-02 14:54:12.976 [main] INFO  org.pf4j.DefaultPluginStatusProvider - Disabled plugins: []
Sep-02 14:54:12.981 [main] INFO  org.pf4j.DefaultPluginManager - PF4J version 3.4.1 in 'deployment' mode
Sep-02 14:54:13.020 [main] INFO  org.pf4j.AbstractPluginManager - No plugins
Sep-02 14:54:13.173 [main] DEBUG nextflow.Session - Session uuid: 77daf722-b0dd-437e-9632-0c7934dc46f2
Sep-02 14:54:13.175 [main] DEBUG nextflow.Session - Run name: modest_cajal
Sep-02 14:54:13.178 [main] DEBUG nextflow.Session - Executor pool size: 4
Sep-02 14:54:13.221 [main] DEBUG nextflow.cli.CmdRun - 
  Version: 22.04.5 build 5708
  Created: 15-07-2022 16:09 UTC (10:09 MDT)
  System: Linux 5.15.0-46-generic
  Runtime: Groovy 3.0.10 on OpenJDK 64-Bit Server VM 17.0.4+8
  Encoding: UTF-8 (UTF-8)
  Process: 23523@Enrique-VM [127.0.1.1]
  CPUs: 4 - Mem: 9.7 GB (3 GB) - Swap: 1.8 GB (1.8 GB)
Sep-02 14:54:13.347 [main] DEBUG nextflow.Session - Work-dir: /home/enrique/Dropbox/Projects/AMR++_v3_update/AMRplusplus/work [ext2/ext3]
Sep-02 14:54:13.396 [main] DEBUG nextflow.executor.ExecutorFactory - Extension executors providers=[]
Sep-02 14:54:13.430 [main] DEBUG nextflow.Session - Observer factory: DefaultObserverFactory
Sep-02 14:54:13.487 [main] DEBUG nextflow.cache.CacheFactory - Using Nextflow cache factory: nextflow.cache.DefaultCacheFactory
Sep-02 14:54:13.502 [main] DEBUG nextflow.util.CustomThreadPool - Creating default thread pool > poolSize: 5; maxThreads: 1000
Sep-02 14:54:13.626 [main] DEBUG nextflow.Session - Session start invoked
Sep-02 14:54:14.100 [main] DEBUG nextflow.script.ScriptRunner - > Launching execution
Sep-02 14:54:14.115 [main] INFO  nextflow.Nextflow -  A M R + +    N F   P I P E L I N E
 ===================================
 reads        : /home/enrique/Dropbox/Projects/AMR++_v3_update/AMRplusplus/data/raw/*_R{1,2}.fastq.gz
 output       : test_results
 
Sep-02 14:54:20.174 [main] INFO  nextflow.script.BaseScript - ERROR ################################################################
Sep-02 14:54:20.175 [main] INFO  nextflow.script.BaseScript - Please choose a pipeline!!!
Sep-02 14:54:20.176 [main] INFO  nextflow.script.BaseScript - 
Sep-02 14:54:20.177 [main] INFO  nextflow.script.BaseScript - To test the pipeline, use the "demo" pipeline :
Sep-02 14:54:20.177 [main] INFO  nextflow.script.BaseScript - 
Sep-02 14:54:20.177 [main] INFO  nextflow.script.BaseScript - ERROR ################################################################
Sep-02 14:54:20.178 [main] INFO  nextflow.script.BaseScript - Exiting ...
