[2022-09-02 13:31:54,513] multiqc                                            [INFO   ]  This is MultiQC v0.4
[2022-09-02 13:31:54,513] multiqc                                            [DEBUG  ]  Working dir : /home/enrique/Dropbox/Projects/AMR++_v3_update/AMRplusplus/work/43/4196f66eda01b404fe3f0aeb28e16e
[2022-09-02 13:31:54,514] multiqc                                            [DEBUG  ]  Template    : default
[2022-09-02 13:31:54,514] multiqc                                            [INFO   ]  Searching   : .
[2022-09-02 13:31:54,514] multiqc                                            [DEBUG  ]  Analysing modules: qualimap, featureCounts, picard, preseq, bismark, star, tophat, bowtie2, bowtie1, cutadapt, fastq_screen, fastqc
[2022-09-02 13:31:54,532] multiqc                                            [DEBUG  ]  Using temporary directory for rendering report: /tmp/tmpfl9j5a7a
[2022-09-02 13:31:54,533] multiqc                                            [INFO   ]  Report      : multiqc_report.html
[2022-09-02 13:31:54,533] multiqc                                            [INFO   ]  Data        : multiqc_report_data
[2022-09-02 13:31:54,552] multiqc.modules.qualimap.qualimap                  [DEBUG  ]  Could not find any reports in ('.',)
[2022-09-02 13:31:54,562] multiqc.modules.featureCounts.feature_counts       [DEBUG  ]  Could not find any reports in ('.',)
[2022-09-02 13:31:54,651] multiqc.modules.picard.picard                      [DEBUG  ]  Could not find any reports in ('.',)
[2022-09-02 13:31:54,677] multiqc.modules.preseq.preseq                      [DEBUG  ]  Could not find any preseq data in ('.',)
[2022-09-02 13:31:54,694] multiqc.modules.bismark.bismark                    [DEBUG  ]  Could not find any reports in ('.',)
[2022-09-02 13:31:54,711] multiqc.modules.star.star                          [DEBUG  ]  Could not find any reports in ('.',)
[2022-09-02 13:31:54,725] multiqc.modules.tophat.tophat                      [DEBUG  ]  Could not find any reports in ('.',)
[2022-09-02 13:31:54,748] multiqc.modules.bowtie2.bowtie2                    [DEBUG  ]  Could not find any reports in ('.',)
[2022-09-02 13:31:54,774] multiqc.modules.bowtie1.bowtie1                    [DEBUG  ]  Could not find any reports in ('.',)
[2022-09-02 13:31:54,805] multiqc.modules.cutadapt.cutadapt                  [DEBUG  ]  Could not find any reports in ('.',)
[2022-09-02 13:31:54,828] multiqc.modules.fastq_screen.fastq_screen          [DEBUG  ]  Could not find any reports in ('.',)
[2022-09-02 13:31:54,916] multiqc.modules.fastqc.fastqc                      [INFO   ]  Found 6 reports
[2022-09-02 13:31:55,259] multiqc                                            [INFO   ]  MultiQC complete
